This is pdfTeX, Version 3.141592653-2.6-1.40.24 (MiKTeX 22.8.28) (preloaded format=pdflatex 2022.9.16)  22 SEP 2022 10:36
entering extended mode
 restricted \write18 enabled.
 file:line:error style messages enabled.
 %&-line parsing enabled.
**"c:/Users/sebis/OneDrive - Universidad Internacional del Ecuador/7mo_Semestre/Automatización Industrial/Primer semestre/ReportLaboratoryNo1/main.tex"
(c:/Users/sebis/OneDrive - Universidad Internacional del Ecuador/7mo_Semestre/Automatización Industrial/Primer semestre/ReportLaboratoryNo1/main.tex
LaTeX2e <2022-06-01> patch level 5
L3 programming layer <2022-08-30> (C:\Users\sebis\AppData\Local\Programs\MiKTeX\tex/latex/llncs\llncs.cls
Document Class: llncs 2022/09/05 v2.22 
 LaTeX document class for Lecture Notes in Computer Science
(C:\Users\sebis\AppData\Local\Programs\MiKTeX\tex/latex/base\article.cls
Document Class: article 2021/10/04 v1.4n Standard LaTeX document class
(C:\Users\sebis\AppData\Local\Programs\MiKTeX\tex/latex/base\size10.clo
File: size10.clo 2021/10/04 v1.4n Standard LaTeX file (size option)
)
\c@part=\count185
\c@section=\count186
\c@subsection=\count187
\c@subsubsection=\count188
\c@paragraph=\count189
\c@subparagraph=\count190
\c@figure=\count191
\c@table=\count192
\abovecaptionskip=\skip47
\belowcaptionskip=\skip48
\bibindent=\dimen138
) (C:\Users\sebis\AppData\Local\Programs\MiKTeX\tex/latex/tools\multicol.sty
Package: multicol 2021/10/28 v1.9b multicolumn formatting (FMi)
\c@tracingmulticols=\count193
\mult@box=\box51
\multicol@leftmargin=\dimen139
\c@unbalance=\count194
\c@collectmore=\count195
\doublecol@number=\count196
\multicoltolerance=\count197
\multicolpretolerance=\count198
\full@width=\dimen140
\page@free=\dimen141
\premulticols=\dimen142
\postmulticols=\dimen143
\multicolsep=\skip49
\multicolbaselineskip=\skip50
\partial@page=\box52
\last@line=\box53
\maxbalancingoverflow=\dimen144
\mult@rightbox=\box54
\mult@grightbox=\box55
\mult@firstbox=\box56
\mult@gfirstbox=\box57
\@tempa=\box58
\@tempa=\box59
\@tempa=\box60
\@tempa=\box61
\@tempa=\box62
\@tempa=\box63
\@tempa=\box64
\@tempa=\box65
\@tempa=\box66
\@tempa=\box67
\@tempa=\box68
\@tempa=\box69
\@tempa=\box70
\@tempa=\box71
\@tempa=\box72
\@tempa=\box73
\@tempa=\box74
\@tempa=\box75
\@tempa=\box76
\@tempa=\box77
\@tempa=\box78
\@tempa=\box79
\@tempa=\box80
\@tempa=\box81
\@tempa=\box82
\@tempa=\box83
\@tempa=\box84
\@tempa=\box85
\@tempa=\box86
\@tempa=\box87
\@tempa=\box88
\@tempa=\box89
\@tempa=\box90
\@tempa=\box91
\@tempa=\box92
\@tempa=\box93
\c@minrows=\count199
\c@columnbadness=\count266
\c@finalcolumnbadness=\count267
\last@try=\dimen145
\multicolovershoot=\dimen146
\multicolundershoot=\dimen147
\mult@nat@firstbox=\box94
\colbreak@box=\box95
\mc@col@check@num=\count268
) (C:\Users\sebis\AppData\Local\Programs\MiKTeX\tex/latex/oberdiek\aliascnt.sty
Package: aliascnt 2018/09/07 v1.5 Alias counters (HO)
)
\c@chapter=\count269
LaTeX Font Info:    Redeclaring math symbol \Gamma on input line 362.
LaTeX Font Info:    Redeclaring math symbol \Delta on input line 363.
LaTeX Font Info:    Redeclaring math symbol \Theta on input line 364.
LaTeX Font Info:    Redeclaring math symbol \Lambda on input line 365.
LaTeX Font Info:    Redeclaring math symbol \Xi on input line 366.
LaTeX Font Info:    Redeclaring math symbol \Pi on input line 367.
LaTeX Font Info:    Redeclaring math symbol \Sigma on input line 368.
LaTeX Font Info:    Redeclaring math symbol \Upsilon on input line 369.
LaTeX Font Info:    Redeclaring math symbol \Phi on input line 370.
LaTeX Font Info:    Redeclaring math symbol \Psi on input line 371.
LaTeX Font Info:    Redeclaring math symbol \Omega on input line 372.
LaTeX Info: Redefining \vec on input line 377.
\tocchpnum=\dimen148
\tocsecnum=\dimen149
\tocsectotal=\dimen150
\tocsubsecnum=\dimen151
\tocsubsectotal=\dimen152
\tocsubsubsecnum=\dimen153
\tocsubsubsectotal=\dimen154
\tocparanum=\dimen155
\tocparatotal=\dimen156
\tocsubparanum=\dimen157
\@tempcntc=\count270
\fnindent=\dimen158
\c@@inst=\count271
\c@@auth=\count272
\c@auco=\count273
\instindent=\dimen159
\authrun=\box96
\authorrunning=\toks16
\tocauthor=\toks17
\titrun=\box97
\titlerunning=\toks18
\toctitle=\toks19
\c@theorem=\count274
\c@case=\count275
\c@conjecture=\count276
\c@corollary=\count277
\c@definition=\count278
\c@example=\count279
\c@exercise=\count280
\c@lemma=\count281
\c@note=\count282
\c@problem=\count283
\c@property=\count284
\c@proposition=\count285
\c@question=\count286
\c@solution=\count287
\c@remark=\count288
\headlineindent=\dimen160
) (C:\Users\sebis\AppData\Local\Programs\MiKTeX\tex/latex/base\fontenc.sty
Package: fontenc 2021/04/29 v2.0v Standard LaTeX package
) (C:\Users\sebis\AppData\Local\Programs\MiKTeX\tex/latex/graphics\graphicx.sty
Package: graphicx 2021/09/16 v1.2d Enhanced LaTeX Graphics (DPC,SPQR)
 (C:\Users\sebis\AppData\Local\Programs\MiKTeX\tex/latex/graphics\keyval.sty
Package: keyval 2022/05/29 v1.15 key=value parser (DPC)
\KV@toks@=\toks20
) (C:\Users\sebis\AppData\Local\Programs\MiKTeX\tex/latex/graphics\graphics.sty
Package: graphics 2022/03/10 v1.4e Standard LaTeX Graphics (DPC,SPQR)
 (C:\Users\sebis\AppData\Local\Programs\MiKTeX\tex/latex/graphics\trig.sty
Package: trig 2021/08/11 v1.11 sin cos tan (DPC)
) (C:\Users\sebis\AppData\Local\Programs\MiKTeX\tex/latex/graphics-cfg\graphics.cfg
File: graphics.cfg 2016/06/04 v1.11 sample graphics configuration
)
Package graphics Info: Driver file: pdftex.def on input line 107.
 (C:\Users\sebis\AppData\Local\Programs\MiKTeX\tex/latex/graphics-def\pdftex.def
File: pdftex.def 2020/10/05 v1.2a Graphics/color driver for pdftex
))
\Gin@req@height=\dimen161
\Gin@req@width=\dimen162
) (C:\Users\sebis\AppData\Local\Programs\MiKTeX\tex/latex/xcolor\xcolor.sty
Package: xcolor 2022/06/12 v2.14 LaTeX color extensions (UK)
 (C:\Users\sebis\AppData\Local\Programs\MiKTeX\tex/latex/graphics-cfg\color.cfg
File: color.cfg 2016/01/02 v1.6 sample color configuration
)
Package xcolor Info: Driver file: pdftex.def on input line 227.
 (C:\Users\sebis\AppData\Local\Programs\MiKTeX\tex/latex/colortbl\colortbl.sty
Package: colortbl 2022/06/20 v1.0f Color table columns (DPC)
 (C:\Users\sebis\AppData\Local\Programs\MiKTeX\tex/latex/tools\array.sty
Package: array 2021/10/04 v2.5f Tabular extension package (FMi)
\col@sep=\dimen163
\ar@mcellbox=\box98
\extrarowheight=\dimen164
\NC@list=\toks21
\extratabsurround=\skip51
\backup@length=\skip52
\ar@cellbox=\box99
)
\everycr=\toks22
\minrowclearance=\skip53
\rownum=\count289
) (C:\Users\sebis\AppData\Local\Programs\MiKTeX\tex/latex-dev/graphics\mathcolor.ltx)
Package xcolor Info: Model `cmy' substituted by `cmy0' on input line 1353.
Package xcolor Info: Model `hsb' substituted by `rgb' on input line 1357.
Package xcolor Info: Model `RGB' extended on input line 1369.
Package xcolor Info: Model `HTML' substituted by `rgb' on input line 1371.
Package xcolor Info: Model `Hsb' substituted by `hsb' on input line 1372.
Package xcolor Info: Model `tHsb' substituted by `hsb' on input line 1373.
Package xcolor Info: Model `HSB' substituted by `hsb' on input line 1374.
Package xcolor Info: Model `Gray' substituted by `gray' on input line 1375.
Package xcolor Info: Model `wave' substituted by `hsb' on input line 1376.
) (C:\Users\sebis\AppData\Local\Programs\MiKTeX\tex/latex/tools\longtable.sty
Package: longtable 2021-09-01 v4.17 Multi-page Table package (DPC)
\LTleft=\skip54
\LTright=\skip55
\LTpre=\skip56
\LTpost=\skip57
\LTchunksize=\count290
\LTcapwidth=\dimen165
\LT@head=\box100
\LT@firsthead=\box101
\LT@foot=\box102
\LT@lastfoot=\box103
\LT@gbox=\box104
\LT@cols=\count291
\LT@rows=\count292
\c@LT@tables=\count293
\c@LT@chunks=\count294
\LT@p@ftn=\toks23
) (C:\Users\sebis\AppData\Local\Programs\MiKTeX\tex/latex/l3backend\l3backend-pdftex.def
File: l3backend-pdftex.def 2022-08-30 L3 backend support: PDF output (pdfTeX)
\l__color_backend_stack_int=\count295
\l__pdf_internal_box=\box105
) (c:\Users\sebis\OneDrive - Universidad Internacional del Ecuador\7mo_Semestre\Automatización Industrial\Primer semestre\ReportLaboratoryNo1\build\main.aux)
\openout1 = `main.aux'.

LaTeX Font Info:    Checking defaults for OML/cmm/m/it on input line 15.
LaTeX Font Info:    ... okay on input line 15.
LaTeX Font Info:    Checking defaults for OMS/cmsy/m/n on input line 15.
LaTeX Font Info:    ... okay on input line 15.
LaTeX Font Info:    Checking defaults for OT1/cmr/m/n on input line 15.
LaTeX Font Info:    ... okay on input line 15.
LaTeX Font Info:    Checking defaults for T1/cmr/m/n on input line 15.
LaTeX Font Info:    ... okay on input line 15.
LaTeX Font Info:    Checking defaults for TS1/cmr/m/n on input line 15.
LaTeX Font Info:    ... okay on input line 15.
LaTeX Font Info:    Checking defaults for OMX/cmex/m/n on input line 15.
LaTeX Font Info:    ... okay on input line 15.
LaTeX Font Info:    Checking defaults for U/cmr/m/n on input line 15.
LaTeX Font Info:    ... okay on input line 15.
 (C:\Users\sebis\AppData\Local\Programs\MiKTeX\tex/context/base/mkii\supp-pdf.mkii
[Loading MPS to PDF converter (version 2006.09.02).]
\scratchcounter=\count296
\scratchdimen=\dimen166
\scratchbox=\box106
\nofMPsegments=\count297
\nofMParguments=\count298
\everyMPshowfont=\toks24
\MPscratchCnt=\count299
\MPscratchDim=\dimen167
\MPnumerator=\count300
\makeMPintoPDFobject=\count301
\everyMPtoPDFconversion=\toks25
) (C:\Users\sebis\AppData\Local\Programs\MiKTeX\tex/latex/epstopdf-pkg\epstopdf-base.sty
Package: epstopdf-base 2020-01-24 v2.11 Base part for package epstopdf
Package epstopdf-base Info: Redefining graphics rule for `.eps' on input line 485.
 (C:\Users\sebis\AppData\Local\Programs\MiKTeX\tex/latex/00miktex\epstopdf-sys.cfg
File: epstopdf-sys.cfg 2021/03/18 v2.0 Configuration of epstopdf for MiKTeX
)) [1

{C:/Users/sebis/AppData/Local/MiKTeX/fonts/map/pdftex/pdftex.map}]
LaTeX Font Info:    External font `cmex10' loaded for size
(Font)              <14.4> on input line 48.
LaTeX Font Info:    External font `cmex10' loaded for size
(Font)              <7> on input line 48.
LaTeX Font Info:    External font `cmex10' loaded for size
(Font)              <5> on input line 48.
LaTeX Font Info:    Trying to load font information for T1+cmtt on input line 48.
 (C:\Users\sebis\AppData\Local\Programs\MiKTeX\tex/latex/base\t1cmtt.fd
File: t1cmtt.fd 2019/12/16 v2.5j Standard LaTeX font definitions
)
LaTeX Font Info:    External font `cmex10' loaded for size
(Font)              <9> on input line 48.
LaTeX Font Info:    External font `cmex10' loaded for size
(Font)              <6> on input line 48.
<Images/CircuitToReplicate.png, id=10, 598.6365pt x 449.88075pt>
File: Images/CircuitToReplicate.png Graphic file (type png)
<use Images/CircuitToReplicate.png>
Package pdftex.def Info: Images/CircuitToReplicate.png  used on input line 62.
(pdftex.def)             Requested size: 347.1272pt x 199.17004pt.
 [2 <./Images/CircuitToReplicate.png>]
<Images/CircuitReplicated.png, id=27, 1156.32pt x 614.295pt>
File: Images/CircuitReplicated.png Graphic file (type png)
<use Images/CircuitReplicated.png>
Package pdftex.def Info: Images/CircuitReplicated.png  used on input line 70.
(pdftex.def)             Requested size: 347.1104pt x 199.16547pt.
 (Chapters/SummaryTable.tex
Overfull \hbox (6.64705pt too wide) in alignment at lines 7--16
 [] [] [] [] [] 
 []


Overfull \hbox (6.64705pt too wide) in alignment at lines 16--26
 [] [] [] [] [] 
 []

<Images/Device/AutomaticSwitchII.png, id=28, 148.75575pt x 94.55325pt>
File: Images/Device/AutomaticSwitchII.png Graphic file (type png)
<use Images/Device/AutomaticSwitchII.png>
Package pdftex.def Info: Images/Device/AutomaticSwitchII.png  used on input line 28.
(pdftex.def)             Requested size: 85.3591pt x 85.3626pt.
<Images/Device/AutomaticSwitchII.jpg, id=29, 342.5297pt x 342.5297pt>
File: Images/Device/AutomaticSwitchII.jpg Graphic file (type jpg)
<use Images/Device/AutomaticSwitchII.jpg>
Package pdftex.def Info: Images/Device/AutomaticSwitchII.jpg  used on input line 28.
(pdftex.def)             Requested size: 85.3552pt x 85.3552pt.
<Images/Device/AutomaticSwitchIN.png, id=30, 146.34676pt x 90.3375pt>
File: Images/Device/AutomaticSwitchIN.png Graphic file (type png)
<use Images/Device/AutomaticSwitchIN.png>
Package pdftex.def Info: Images/Device/AutomaticSwitchIN.png  used on input line 29.
(pdftex.def)             Requested size: 85.35904pt x 85.35834pt.
<Images/Device/AutomaticSwitchINReal.png, id=31, 512.66531pt x 455.45157pt>
File: Images/Device/AutomaticSwitchINReal.png Graphic file (type png)
<use Images/Device/AutomaticSwitchINReal.png>
Package pdftex.def Info: Images/Device/AutomaticSwitchINReal.png  used on input line 29.
(pdftex.def)             Requested size: 85.35274pt x 85.35526pt.
<Images/Device/CoilContactorRelay.png, id=32, 121.6545pt x 84.91725pt>
File: Images/Device/CoilContactorRelay.png Graphic file (type png)
<use Images/Device/CoilContactorRelay.png>
Package pdftex.def Info: Images/Device/CoilContactorRelay.png  used on input line 30.
(pdftex.def)             Requested size: 85.36174pt x 85.36017pt.
<Images/Device/CoilContactorRelayReal.jpg, id=33, 343.2825pt x 343.2825pt>
File: Images/Device/CoilContactorRelayReal.jpg Graphic file (type jpg)
<use Images/Device/CoilContactorRelayReal.jpg>
Package pdftex.def Info: Images/Device/CoilContactorRelayReal.jpg  used on input line 30.
(pdftex.def)             Requested size: 85.35422pt x 85.35422pt.
<Images/Device/ContactorIII.png, id=34, 174.6525pt x 82.50826pt>
File: Images/Device/ContactorIII.png Graphic file (type png)
<use Images/Device/ContactorIII.png>
Package pdftex.def Info: Images/Device/ContactorIII.png  used on input line 31.
(pdftex.def)             Requested size: 85.35927pt x 85.35835pt.
<Images/Device/doubleInterruptor.png, id=35, 192.72pt x 80.09924pt>
File: Images/Device/doubleInterruptor.png Graphic file (type png)
<use Images/Device/doubleInterruptor.png>
Package pdftex.def Info: Images/Device/doubleInterruptor.png  used on input line 32.
(pdftex.def)             Requested size: 85.35577pt x 85.3631pt.
<Images/Device/FuseIII.png, id=36, 180.675pt x 85.5195pt>
File: Images/Device/FuseIII.png Graphic file (type png)
<use Images/Device/FuseIII.png>
Package pdftex.def Info: Images/Device/FuseIII.png  used on input line 33.
(pdftex.def)             Requested size: 85.35835pt x 85.36137pt.
<Images/Device/I_0_II_Switch.png, id=37, 157.7895pt x 102.98476pt>
File: Images/Device/I_0_II_Switch.png Graphic file (type png)
<use Images/Device/I_0_II_Switch.png>
Package pdftex.def Info: Images/Device/I_0_II_Switch.png  used on input line 34.
(pdftex.def)             Requested size: 85.35674pt x 85.35788pt.
<Images/Device/inputConection.png, id=38, 69.25874pt x 40.35075pt>
File: Images/Device/inputConection.png Graphic file (type png)
<use Images/Device/inputConection.png>
Package pdftex.def Info: Images/Device/inputConection.png  used on input line 35.
(pdftex.def)             Requested size: 85.35893pt x 85.37262pt.
<Images/Device/monoPhaseMotor.png, id=39, 478.1865pt x 246.32025pt>
File: Images/Device/monoPhaseMotor.png Graphic file (type png)
<use Images/Device/monoPhaseMotor.png>
Package pdftex.def Info: Images/Device/monoPhaseMotor.png  used on input line 36.
(pdftex.def)             Requested size: 85.35478pt x 85.36018pt.
<Images/Device/NO_Contact.png, id=40, 111.41624pt x 103.587pt>
File: Images/Device/NO_Contact.png Graphic file (type png)
<use Images/Device/NO_Contact.png>
Package pdftex.def Info: Images/Device/NO_Contact.png  used on input line 37.
(pdftex.def)             Requested size: 85.35895pt x 85.35759pt.
<Images/Device/outputConector.png, id=41, 97.5645pt x 52.39575pt>
File: Images/Device/outputConector.png Graphic file (type png)
<use Images/Device/outputConector.png>
Package pdftex.def Info: Images/Device/outputConector.png  used on input line 38.
(pdftex.def)             Requested size: 85.35977pt x 85.36592pt.
<Images/Device/PilotSignal.png, id=42, 112.62074pt x 94.55325pt>
File: Images/Device/PilotSignal.png Graphic file (type png)
<use Images/Device/PilotSignal.png>
Package pdftex.def Info: Images/Device/PilotSignal.png  used on input line 39.
(pdftex.def)             Requested size: 85.36064pt x 85.3626pt.
<Images/Device/powerSupply.png, id=43, 147.55125pt x 121.6545pt>
File: Images/Device/powerSupply.png Graphic file (type png)
<use Images/Device/powerSupply.png>
Package pdftex.def Info: Images/Device/powerSupply.png  used on input line 40.
(pdftex.def)             Requested size: 85.35913pt x 85.36174pt.
<Images/Device/pushbutton.png, id=44, 144.54pt x 116.23425pt>
File: Images/Device/pushbutton.png Graphic file (type png)
<use Images/Device/pushbutton.png>
Package pdftex.def Info: Images/Device/pushbutton.png  used on input line 41.
(pdftex.def)             Requested size: 85.35724pt x 85.36284pt.
<Images/Device/ThreePhaseMotor.png, id=45, 194.52675pt x 146.34676pt>
File: Images/Device/ThreePhaseMotor.png Graphic file (type png)
<use Images/Device/ThreePhaseMotor.png>
Package pdftex.def Info: Images/Device/ThreePhaseMotor.png  used on input line 42.
(pdftex.def)             Requested size: 85.35753pt x 85.35904pt.

Overfull \hbox (6.64705pt too wide) in alignment at lines 26--43
 [] [] [] [] [] 
 []

[3 <./Images/CircuitReplicated.png> <./Images/Device/AutomaticSwitchII.png> <./Images/Device/AutomaticSwitchII.jpg> <./Images/Device/AutomaticSwitchIN.png> <./Images/Device/AutomaticSwitchINReal.png>] [4 <./Images/Device/CoilContactorRelay.png> <./Images/Device/CoilContactorRelayReal.jpg> <./Images/Device/ContactorIII.png> <./Images/Device/doubleInterruptor.png> <./Images/Device/FuseIII.png> <./Images/Device/I_0_II_Switch.png>] [5 <./Images/Device/inputConection.png> <./Images/Device/monoPhaseMotor.png> <./Images/Device/NO_Contact.png> <./Images/Device/outputConector.png> <./Images/Device/PilotSignal.png>]) [6 <./Images/Device/powerSupply.png> <./Images/Device/pushbutton.png> <./Images/Device/ThreePhaseMotor.png>] (c:\Users\sebis\OneDrive - Universidad Internacional del Ecuador\7mo_Semestre\Automatización Industrial\Primer semestre\ReportLaboratoryNo1\build\main.aux) ) 
Here is how much of TeX's memory you used:
 2997 strings out of 475389
 50021 string characters out of 2777000
 409926 words of memory out of 3000000
 24322 multiletter control sequences out of 15000+600000
 486177 words of font info for 62 fonts, out of 8000000 for 9000
 1141 hyphenation exceptions out of 8191
 55i,9n,62p,563b,257s stack positions out of 10000i,1000n,20000p,200000b,80000s
 <C:\Users\sebis\AppData\Local\MiKTeX\fonts/pk/ljfour/jknappen/ec/dpi600\ecbx0900.pk> <C:\Users\sebis\AppData\Local\MiKTeX\fonts/pk/ljfour/jknappen/ec/dpi600\ecbx1000.pk> <C:\Users\sebis\AppData\Local\MiKTeX\fonts/pk/ljfour/jknappen/ec/dpi600\ecbx1200.pk> <C:\Users\sebis\AppData\Local\MiKTeX\fonts/pk/ljfour/jknappen/ec/dpi600\ectt0900.pk> <C:\Users\sebis\AppData\Local\MiKTeX\fonts/pk/ljfour/jknappen/ec/dpi600\ecrm0900.pk> <C:\Users\sebis\AppData\Local\MiKTeX\fonts/pk/ljfour/jknappen/ec/dpi600\ecrm1000.pk> <C:\Users\sebis\AppData\Local\MiKTeX\fonts/pk/ljfour/jknappen/ec/dpi600\ecbx1440.pk> <C:\Users\sebis\AppData\Local\MiKTeX\fonts/pk/ljfour/jknappen/ec/dpi600\ecrm1440.pk> <C:\Users\sebis\AppData\Local\MiKTeX\fonts/pk/ljfour/jknappen/ec/dpi600\ecti1440.pk> <C:\Users\sebis\AppData\Local\MiKTeX\fonts/pk/ljfour/jknappen/ec/dpi600\eccc2488.pk> <C:\Users\sebis\AppData\Local\MiKTeX\fonts/pk/ljfour/jknappen/ec/dpi600\eccc1440.pk> <C:\Users\sebis\AppData\Local\MiKTeX\fonts/pk/ljfour/jknappen/ec/dpi600\ecbx1728.pk><C:/Users/sebis/AppData/Local/Programs/MiKTeX/fonts/type1/public/amsfonts/cm/cmmi6.pfb><C:/Users/sebis/AppData/Local/Programs/MiKTeX/fonts/type1/public/amsfonts/cm/cmmib10.pfb><C:/Users/sebis/AppData/Local/Programs/MiKTeX/fonts/type1/public/amsfonts/cm/cmr7.pfb><C:/Users/sebis/AppData/Local/Programs/MiKTeX/fonts/type1/public/amsfonts/cm/cmsy7.pfb>
Output written on "c:\Users\sebis\OneDrive - Universidad Internacional del Ecuador\7mo_Semestre\Automatización Industrial\Primer semestre\ReportLaboratoryNo1\build\main.pdf" (6 pages, 843310 bytes).
PDF statistics:
 420 PDF objects out of 1000 (max. 8388607)
 0 named destinations out of 1000 (max. 500000)
 101 words of extra memory for PDF output out of 10000 (max. 10000000)

